<?xml version="1.0" encoding="UTF-8"?>
<testsuite xmlns:xsi="http://www.w3.org/2001/XMLSchema-instance" xsi:noNamespaceSchemaLocation="https://maven.apache.org/surefire/maven-surefire-plugin/xsd/surefire-test-report.xsd" version="3.0.2" name="com.mogutou.erp.controller.InventoryControllerTest" time="1.397" tests="12" errors="0" skipped="0" failures="0">
  <properties>
    <property name="java.specification.version" value="21"/>
    <property name="sun.cpu.isalist" value="amd64"/>
    <property name="sun.jnu.encoding" value="GBK"/>
    <property name="java.class.path" value="C:\Users\哈振宇\Desktop\mgterp - 副本\mogutouERP-springboot\target\test-classes;C:\Users\哈振宇\Desktop\mgterp - 副本\mogutouERP-springboot\target\classes;D:\apache-maven-3.9.9\local repository\org\springframework\boot\spring-boot-starter-data-jpa\3.4.3\spring-boot-starter-data-jpa-3.4.3.jar;D:\apache-maven-3.9.9\local repository\org\springframework\boot\spring-boot-starter\3.4.3\spring-boot-starter-3.4.3.jar;D:\apache-maven-3.9.9\local repository\org\springframework\boot\spring-boot\3.4.3\spring-boot-3.4.3.jar;D:\apache-maven-3.9.9\local repository\org\springframework\boot\spring-boot-starter-logging\3.4.3\spring-boot-starter-logging-3.4.3.jar;D:\apache-maven-3.9.9\local repository\ch\qos\logback\logback-classic\1.5.16\logback-classic-1.5.16.jar;D:\apache-maven-3.9.9\local repository\ch\qos\logback\logback-core\1.5.16\logback-core-1.5.16.jar;D:\apache-maven-3.9.9\local repository\org\apache\logging\log4j\log4j-to-slf4j\2.24.3\log4j-to-slf4j-2.24.3.jar;D:\apache-maven-3.9.9\local repository\org\apache\logging\log4j\log4j-api\2.24.3\log4j-api-2.24.3.jar;D:\apache-maven-3.9.9\local repository\org\slf4j\jul-to-slf4j\2.0.16\jul-to-slf4j-2.0.16.jar;D:\apache-maven-3.9.9\local repository\jakarta\annotation\jakarta.annotation-api\2.1.1\jakarta.annotation-api-2.1.1.jar;D:\apache-maven-3.9.9\local repository\org\yaml\snakeyaml\2.3\snakeyaml-2.3.jar;D:\apache-maven-3.9.9\local repository\org\springframework\boot\spring-boot-starter-jdbc\3.4.3\spring-boot-starter-jdbc-3.4.3.jar;D:\apache-maven-3.9.9\local repository\com\zaxxer\HikariCP\5.1.0\HikariCP-5.1.0.jar;D:\apache-maven-3.9.9\local repository\org\springframework\spring-jdbc\6.2.3\spring-jdbc-6.2.3.jar;D:\apache-maven-3.9.9\local repository\org\hibernate\orm\hibernate-core\6.6.8.Final\hibernate-core-6.6.8.Final.jar;D:\apache-maven-3.9.9\local repository\jakarta\transaction\jakarta.transaction-api\2.0.1\jakarta.transaction-api-2.0.1.jar;D:\apache-maven-3.9.9\local repository\org\jboss\logging\jboss-logging\3.6.1.Final\jboss-logging-3.6.1.Final.jar;D:\apache-maven-3.9.9\local repository\org\hibernate\common\hibernate-commons-annotations\7.0.3.Final\hibernate-commons-annotations-7.0.3.Final.jar;D:\apache-maven-3.9.9\local repository\io\smallrye\jandex\3.2.0\jandex-3.2.0.jar;D:\apache-maven-3.9.9\local repository\com\fasterxml\classmate\1.7.0\classmate-1.7.0.jar;D:\apache-maven-3.9.9\local repository\net\bytebuddy\byte-buddy\1.15.11\byte-buddy-1.15.11.jar;D:\apache-maven-3.9.9\local repository\org\glassfish\jaxb\jaxb-runtime\4.0.5\jaxb-runtime-4.0.5.jar;D:\apache-maven-3.9.9\local repository\org\glassfish\jaxb\jaxb-core\4.0.5\jaxb-core-4.0.5.jar;D:\apache-maven-3.9.9\local repository\org\eclipse\angus\angus-activation\2.0.2\angus-activation-2.0.2.jar;D:\apache-maven-3.9.9\local repository\org\glassfish\jaxb\txw2\4.0.5\txw2-4.0.5.jar;D:\apache-maven-3.9.9\local repository\com\sun\istack\istack-commons-runtime\4.1.2\istack-commons-runtime-4.1.2.jar;D:\apache-maven-3.9.9\local repository\jakarta\inject\jakarta.inject-api\2.0.1\jakarta.inject-api-2.0.1.jar;D:\apache-maven-3.9.9\local repository\org\antlr\antlr4-runtime\4.13.0\antlr4-runtime-4.13.0.jar;D:\apache-maven-3.9.9\local repository\org\springframework\data\spring-data-jpa\3.4.3\spring-data-jpa-3.4.3.jar;D:\apache-maven-3.9.9\local repository\org\springframework\data\spring-data-commons\3.4.3\spring-data-commons-3.4.3.jar;D:\apache-maven-3.9.9\local repository\org\springframework\spring-orm\6.2.3\spring-orm-6.2.3.jar;D:\apache-maven-3.9.9\local repository\org\springframework\spring-context\6.2.3\spring-context-6.2.3.jar;D:\apache-maven-3.9.9\local repository\org\springframework\spring-tx\6.2.3\spring-tx-6.2.3.jar;D:\apache-maven-3.9.9\local repository\org\springframework\spring-beans\6.2.3\spring-beans-6.2.3.jar;D:\apache-maven-3.9.9\local repository\org\slf4j\slf4j-api\2.0.16\slf4j-api-2.0.16.jar;D:\apache-maven-3.9.9\local repository\org\springframework\spring-aspects\6.2.3\spring-aspects-6.2.3.jar;D:\apache-maven-3.9.9\local repository\org\aspectj\aspectjweaver\1.9.22.1\aspectjweaver-1.9.22.1.jar;D:\apache-maven-3.9.9\local repository\org\springframework\boot\spring-boot-starter-web\3.4.3\spring-boot-starter-web-3.4.3.jar;D:\apache-maven-3.9.9\local repository\org\springframework\boot\spring-boot-starter-json\3.4.3\spring-boot-starter-json-3.4.3.jar;D:\apache-maven-3.9.9\local repository\com\fasterxml\jackson\datatype\jackson-datatype-jdk8\2.18.2\jackson-datatype-jdk8-2.18.2.jar;D:\apache-maven-3.9.9\local repository\com\fasterxml\jackson\datatype\jackson-datatype-jsr310\2.18.2\jackson-datatype-jsr310-2.18.2.jar;D:\apache-maven-3.9.9\local repository\com\fasterxml\jackson\module\jackson-module-parameter-names\2.18.2\jackson-module-parameter-names-2.18.2.jar;D:\apache-maven-3.9.9\local repository\org\springframework\boot\spring-boot-starter-tomcat\3.4.3\spring-boot-starter-tomcat-3.4.3.jar;D:\apache-maven-3.9.9\local repository\org\apache\tomcat\embed\tomcat-embed-core\10.1.36\tomcat-embed-core-10.1.36.jar;D:\apache-maven-3.9.9\local repository\org\apache\tomcat\embed\tomcat-embed-el\10.1.36\tomcat-embed-el-10.1.36.jar;D:\apache-maven-3.9.9\local repository\org\apache\tomcat\embed\tomcat-embed-websocket\10.1.36\tomcat-embed-websocket-10.1.36.jar;D:\apache-maven-3.9.9\local repository\org\springframework\spring-web\6.2.3\spring-web-6.2.3.jar;D:\apache-maven-3.9.9\local repository\io\micrometer\micrometer-observation\1.14.4\micrometer-observation-1.14.4.jar;D:\apache-maven-3.9.9\local repository\io\micrometer\micrometer-commons\1.14.4\micrometer-commons-1.14.4.jar;D:\apache-maven-3.9.9\local repository\org\springframework\spring-webmvc\6.2.3\spring-webmvc-6.2.3.jar;D:\apache-maven-3.9.9\local repository\org\springframework\spring-expression\6.2.3\spring-expression-6.2.3.jar;D:\apache-maven-3.9.9\local repository\com\mysql\mysql-connector-j\8.0.33\mysql-connector-j-8.0.33.jar;D:\apache-maven-3.9.9\local repository\org\projectlombok\lombok\1.18.32\lombok-1.18.32.jar;D:\apache-maven-3.9.9\local repository\org\springframework\boot\spring-boot-starter-test\3.4.3\spring-boot-starter-test-3.4.3.jar;D:\apache-maven-3.9.9\local repository\org\springframework\boot\spring-boot-test\3.4.3\spring-boot-test-3.4.3.jar;D:\apache-maven-3.9.9\local repository\org\springframework\boot\spring-boot-test-autoconfigure\3.4.3\spring-boot-test-autoconfigure-3.4.3.jar;D:\apache-maven-3.9.9\local repository\com\jayway\jsonpath\json-path\2.9.0\json-path-2.9.0.jar;D:\apache-maven-3.9.9\local repository\net\minidev\json-smart\2.5.2\json-smart-2.5.2.jar;D:\apache-maven-3.9.9\local repository\net\minidev\accessors-smart\2.5.2\accessors-smart-2.5.2.jar;D:\apache-maven-3.9.9\local repository\org\ow2\asm\asm\9.7.1\asm-9.7.1.jar;D:\apache-maven-3.9.9\local repository\org\assertj\assertj-core\3.26.3\assertj-core-3.26.3.jar;D:\apache-maven-3.9.9\local repository\org\awaitility\awaitility\4.2.2\awaitility-4.2.2.jar;D:\apache-maven-3.9.9\local repository\org\hamcrest\hamcrest\2.2\hamcrest-2.2.jar;D:\apache-maven-3.9.9\local repository\org\junit\jupiter\junit-jupiter\5.11.4\junit-jupiter-5.11.4.jar;D:\apache-maven-3.9.9\local repository\org\junit\jupiter\junit-jupiter-api\5.11.4\junit-jupiter-api-5.11.4.jar;D:\apache-maven-3.9.9\local repository\org\opentest4j\opentest4j\1.3.0\opentest4j-1.3.0.jar;D:\apache-maven-3.9.9\local repository\org\junit\platform\junit-platform-commons\1.11.4\junit-platform-commons-1.11.4.jar;D:\apache-maven-3.9.9\local repository\org\apiguardian\apiguardian-api\1.1.2\apiguardian-api-1.1.2.jar;D:\apache-maven-3.9.9\local repository\org\junit\jupiter\junit-jupiter-params\5.11.4\junit-jupiter-params-5.11.4.jar;D:\apache-maven-3.9.9\local repository\org\junit\jupiter\junit-jupiter-engine\5.11.4\junit-jupiter-engine-5.11.4.jar;D:\apache-maven-3.9.9\local repository\org\junit\platform\junit-platform-engine\1.11.4\junit-platform-engine-1.11.4.jar;D:\apache-maven-3.9.9\local repository\org\mockito\mockito-core\5.14.2\mockito-core-5.14.2.jar;D:\apache-maven-3.9.9\local repository\net\bytebuddy\byte-buddy-agent\1.15.11\byte-buddy-agent-1.15.11.jar;D:\apache-maven-3.9.9\local repository\org\objenesis\objenesis\3.3\objenesis-3.3.jar;D:\apache-maven-3.9.9\local repository\org\mockito\mockito-junit-jupiter\5.14.2\mockito-junit-jupiter-5.14.2.jar;D:\apache-maven-3.9.9\local repository\org\skyscreamer\jsonassert\1.5.3\jsonassert-1.5.3.jar;D:\apache-maven-3.9.9\local repository\com\vaadin\external\google\android-json\0.0.20131108.vaadin1\android-json-0.0.20131108.vaadin1.jar;D:\apache-maven-3.9.9\local repository\org\springframework\spring-core\6.2.3\spring-core-6.2.3.jar;D:\apache-maven-3.9.9\local repository\org\springframework\spring-jcl\6.2.3\spring-jcl-6.2.3.jar;D:\apache-maven-3.9.9\local repository\org\springframework\spring-test\6.2.3\spring-test-6.2.3.jar;D:\apache-maven-3.9.9\local repository\org\xmlunit\xmlunit-core\2.10.0\xmlunit-core-2.10.0.jar;D:\apache-maven-3.9.9\local repository\org\springframework\boot\spring-boot-starter-security\3.4.3\spring-boot-starter-security-3.4.3.jar;D:\apache-maven-3.9.9\local repository\org\springframework\spring-aop\6.2.3\spring-aop-6.2.3.jar;D:\apache-maven-3.9.9\local repository\org\springframework\security\spring-security-config\6.4.3\spring-security-config-6.4.3.jar;D:\apache-maven-3.9.9\local repository\org\springframework\security\spring-security-core\6.4.3\spring-security-core-6.4.3.jar;D:\apache-maven-3.9.9\local repository\org\springframework\security\spring-security-crypto\6.4.3\spring-security-crypto-6.4.3.jar;D:\apache-maven-3.9.9\local repository\org\springframework\security\spring-security-web\6.4.3\spring-security-web-6.4.3.jar;D:\apache-maven-3.9.9\local repository\io\jsonwebtoken\jjwt-api\0.11.5\jjwt-api-0.11.5.jar;D:\apache-maven-3.9.9\local repository\io\jsonwebtoken\jjwt-impl\0.11.5\jjwt-impl-0.11.5.jar;D:\apache-maven-3.9.9\local repository\io\jsonwebtoken\jjwt-jackson\0.11.5\jjwt-jackson-0.11.5.jar;D:\apache-maven-3.9.9\local repository\jakarta\xml\bind\jakarta.xml.bind-api\4.0.1\jakarta.xml.bind-api-4.0.1.jar;D:\apache-maven-3.9.9\local repository\jakarta\activation\jakarta.activation-api\2.1.3\jakarta.activation-api-2.1.3.jar;D:\apache-maven-3.9.9\local repository\jakarta\persistence\jakarta.persistence-api\3.1.0\jakarta.persistence-api-3.1.0.jar;D:\apache-maven-3.9.9\local repository\com\baomidou\mybatis-plus-spring-boot3-starter\3.5.10.1\mybatis-plus-spring-boot3-starter-3.5.10.1.jar;D:\apache-maven-3.9.9\local repository\com\baomidou\mybatis-plus\3.5.10.1\mybatis-plus-3.5.10.1.jar;D:\apache-maven-3.9.9\local repository\com\baomidou\mybatis-plus-core\3.5.10.1\mybatis-plus-core-3.5.10.1.jar;D:\apache-maven-3.9.9\local repository\com\baomidou\mybatis-plus-annotation\3.5.10.1\mybatis-plus-annotation-3.5.10.1.jar;D:\apache-maven-3.9.9\local repository\com\baomidou\mybatis-plus-spring\3.5.10.1\mybatis-plus-spring-3.5.10.1.jar;D:\apache-maven-3.9.9\local repository\org\mybatis\mybatis\3.5.19\mybatis-3.5.19.jar;D:\apache-maven-3.9.9\local repository\org\mybatis\mybatis-spring\3.0.4\mybatis-spring-3.0.4.jar;D:\apache-maven-3.9.9\local repository\com\baomidou\mybatis-plus-spring-boot-autoconfigure\3.5.10.1\mybatis-plus-spring-boot-autoconfigure-3.5.10.1.jar;D:\apache-maven-3.9.9\local repository\org\springframework\boot\spring-boot-autoconfigure\3.4.3\spring-boot-autoconfigure-3.4.3.jar;D:\apache-maven-3.9.9\local repository\com\baomidou\mybatis-plus-jsqlparser\3.5.10.1\mybatis-plus-jsqlparser-3.5.10.1.jar;D:\apache-maven-3.9.9\local repository\com\github\jsqlparser\jsqlparser\5.1\jsqlparser-5.1.jar;D:\apache-maven-3.9.9\local repository\com\baomidou\mybatis-plus-jsqlparser-common\3.5.10.1\mybatis-plus-jsqlparser-common-3.5.10.1.jar;D:\apache-maven-3.9.9\local repository\com\baomidou\mybatis-plus-extension\3.5.10.1\mybatis-plus-extension-3.5.10.1.jar;D:\apache-maven-3.9.9\local repository\cn\hutool\hutool-all\5.8.26\hutool-all-5.8.26.jar;D:\apache-maven-3.9.9\local repository\com\fasterxml\jackson\core\jackson-databind\2.15.3\jackson-databind-2.15.3.jar;D:\apache-maven-3.9.9\local repository\com\fasterxml\jackson\core\jackson-annotations\2.18.2\jackson-annotations-2.18.2.jar;D:\apache-maven-3.9.9\local repository\com\fasterxml\jackson\core\jackson-core\2.18.2\jackson-core-2.18.2.jar;D:\apache-maven-3.9.9\local repository\com\squareup\okhttp3\okhttp\4.12.0\okhttp-4.12.0.jar;D:\apache-maven-3.9.9\local repository\com\squareup\okio\okio\3.6.0\okio-3.6.0.jar;D:\apache-maven-3.9.9\local repository\com\squareup\okio\okio-jvm\3.6.0\okio-jvm-3.6.0.jar;D:\apache-maven-3.9.9\local repository\org\jetbrains\kotlin\kotlin-stdlib-common\1.9.25\kotlin-stdlib-common-1.9.25.jar;D:\apache-maven-3.9.9\local repository\org\jetbrains\kotlin\kotlin-stdlib-jdk8\1.9.25\kotlin-stdlib-jdk8-1.9.25.jar;D:\apache-maven-3.9.9\local repository\org\jetbrains\kotlin\kotlin-stdlib\1.9.25\kotlin-stdlib-1.9.25.jar;D:\apache-maven-3.9.9\local repository\org\jetbrains\annotations\13.0\annotations-13.0.jar;D:\apache-maven-3.9.9\local repository\org\jetbrains\kotlin\kotlin-stdlib-jdk7\1.9.25\kotlin-stdlib-jdk7-1.9.25.jar;"/>
    <property name="java.vm.vendor" value="Oracle Corporation"/>
    <property name="sun.arch.data.model" value="64"/>
    <property name="user.variant" value=""/>
    <property name="java.vendor.url" value="https://java.oracle.com/"/>
    <property name="user.timezone" value="Asia/Shanghai"/>
    <property name="org.jboss.logging.provider" value="slf4j"/>
    <property name="os.name" value="Windows 11"/>
    <property name="java.vm.specification.version" value="21"/>
    <property name="sun.java.launcher" value="SUN_STANDARD"/>
    <property name="user.country" value="CN"/>
    <property name="sun.boot.library.path" value="C:\Program Files\Java\jdk-21\bin"/>
    <property name="sun.java.command" value="C:\Users\哈振宇\AppData\Local\Temp\surefire6455326321096246647\surefirebooter-20250531005254208_3.jar C:\Users\哈振宇\AppData\Local\Temp\surefire6455326321096246647 2025-05-31T00-52-54_103-jvmRun1 surefire-20250531005254208_1tmp surefire_0-20250531005254208_2tmp"/>
    <property name="jdk.debug" value="release"/>
    <property name="surefire.test.class.path" value="C:\Users\哈振宇\Desktop\mgterp - 副本\mogutouERP-springboot\target\test-classes;C:\Users\哈振宇\Desktop\mgterp - 副本\mogutouERP-springboot\target\classes;D:\apache-maven-3.9.9\local repository\org\springframework\boot\spring-boot-starter-data-jpa\3.4.3\spring-boot-starter-data-jpa-3.4.3.jar;D:\apache-maven-3.9.9\local repository\org\springframework\boot\spring-boot-starter\3.4.3\spring-boot-starter-3.4.3.jar;D:\apache-maven-3.9.9\local repository\org\springframework\boot\spring-boot\3.4.3\spring-boot-3.4.3.jar;D:\apache-maven-3.9.9\local repository\org\springframework\boot\spring-boot-starter-logging\3.4.3\spring-boot-starter-logging-3.4.3.jar;D:\apache-maven-3.9.9\local repository\ch\qos\logback\logback-classic\1.5.16\logback-classic-1.5.16.jar;D:\apache-maven-3.9.9\local repository\ch\qos\logback\logback-core\1.5.16\logback-core-1.5.16.jar;D:\apache-maven-3.9.9\local repository\org\apache\logging\log4j\log4j-to-slf4j\2.24.3\log4j-to-slf4j-2.24.3.jar;D:\apache-maven-3.9.9\local repository\org\apache\logging\log4j\log4j-api\2.24.3\log4j-api-2.24.3.jar;D:\apache-maven-3.9.9\local repository\org\slf4j\jul-to-slf4j\2.0.16\jul-to-slf4j-2.0.16.jar;D:\apache-maven-3.9.9\local repository\jakarta\annotation\jakarta.annotation-api\2.1.1\jakarta.annotation-api-2.1.1.jar;D:\apache-maven-3.9.9\local repository\org\yaml\snakeyaml\2.3\snakeyaml-2.3.jar;D:\apache-maven-3.9.9\local repository\org\springframework\boot\spring-boot-starter-jdbc\3.4.3\spring-boot-starter-jdbc-3.4.3.jar;D:\apache-maven-3.9.9\local repository\com\zaxxer\HikariCP\5.1.0\HikariCP-5.1.0.jar;D:\apache-maven-3.9.9\local repository\org\springframework\spring-jdbc\6.2.3\spring-jdbc-6.2.3.jar;D:\apache-maven-3.9.9\local repository\org\hibernate\orm\hibernate-core\6.6.8.Final\hibernate-core-6.6.8.Final.jar;D:\apache-maven-3.9.9\local repository\jakarta\transaction\jakarta.transaction-api\2.0.1\jakarta.transaction-api-2.0.1.jar;D:\apache-maven-3.9.9\local repository\org\jboss\logging\jboss-logging\3.6.1.Final\jboss-logging-3.6.1.Final.jar;D:\apache-maven-3.9.9\local repository\org\hibernate\common\hibernate-commons-annotations\7.0.3.Final\hibernate-commons-annotations-7.0.3.Final.jar;D:\apache-maven-3.9.9\local repository\io\smallrye\jandex\3.2.0\jandex-3.2.0.jar;D:\apache-maven-3.9.9\local repository\com\fasterxml\classmate\1.7.0\classmate-1.7.0.jar;D:\apache-maven-3.9.9\local repository\net\bytebuddy\byte-buddy\1.15.11\byte-buddy-1.15.11.jar;D:\apache-maven-3.9.9\local repository\org\glassfish\jaxb\jaxb-runtime\4.0.5\jaxb-runtime-4.0.5.jar;D:\apache-maven-3.9.9\local repository\org\glassfish\jaxb\jaxb-core\4.0.5\jaxb-core-4.0.5.jar;D:\apache-maven-3.9.9\local repository\org\eclipse\angus\angus-activation\2.0.2\angus-activation-2.0.2.jar;D:\apache-maven-3.9.9\local repository\org\glassfish\jaxb\txw2\4.0.5\txw2-4.0.5.jar;D:\apache-maven-3.9.9\local repository\com\sun\istack\istack-commons-runtime\4.1.2\istack-commons-runtime-4.1.2.jar;D:\apache-maven-3.9.9\local repository\jakarta\inject\jakarta.inject-api\2.0.1\jakarta.inject-api-2.0.1.jar;D:\apache-maven-3.9.9\local repository\org\antlr\antlr4-runtime\4.13.0\antlr4-runtime-4.13.0.jar;D:\apache-maven-3.9.9\local repository\org\springframework\data\spring-data-jpa\3.4.3\spring-data-jpa-3.4.3.jar;D:\apache-maven-3.9.9\local repository\org\springframework\data\spring-data-commons\3.4.3\spring-data-commons-3.4.3.jar;D:\apache-maven-3.9.9\local repository\org\springframework\spring-orm\6.2.3\spring-orm-6.2.3.jar;D:\apache-maven-3.9.9\local repository\org\springframework\spring-context\6.2.3\spring-context-6.2.3.jar;D:\apache-maven-3.9.9\local repository\org\springframework\spring-tx\6.2.3\spring-tx-6.2.3.jar;D:\apache-maven-3.9.9\local repository\org\springframework\spring-beans\6.2.3\spring-beans-6.2.3.jar;D:\apache-maven-3.9.9\local repository\org\slf4j\slf4j-api\2.0.16\slf4j-api-2.0.16.jar;D:\apache-maven-3.9.9\local repository\org\springframework\spring-aspects\6.2.3\spring-aspects-6.2.3.jar;D:\apache-maven-3.9.9\local repository\org\aspectj\aspectjweaver\1.9.22.1\aspectjweaver-1.9.22.1.jar;D:\apache-maven-3.9.9\local repository\org\springframework\boot\spring-boot-starter-web\3.4.3\spring-boot-starter-web-3.4.3.jar;D:\apache-maven-3.9.9\local repository\org\springframework\boot\spring-boot-starter-json\3.4.3\spring-boot-starter-json-3.4.3.jar;D:\apache-maven-3.9.9\local repository\com\fasterxml\jackson\datatype\jackson-datatype-jdk8\2.18.2\jackson-datatype-jdk8-2.18.2.jar;D:\apache-maven-3.9.9\local repository\com\fasterxml\jackson\datatype\jackson-datatype-jsr310\2.18.2\jackson-datatype-jsr310-2.18.2.jar;D:\apache-maven-3.9.9\local repository\com\fasterxml\jackson\module\jackson-module-parameter-names\2.18.2\jackson-module-parameter-names-2.18.2.jar;D:\apache-maven-3.9.9\local repository\org\springframework\boot\spring-boot-starter-tomcat\3.4.3\spring-boot-starter-tomcat-3.4.3.jar;D:\apache-maven-3.9.9\local repository\org\apache\tomcat\embed\tomcat-embed-core\10.1.36\tomcat-embed-core-10.1.36.jar;D:\apache-maven-3.9.9\local repository\org\apache\tomcat\embed\tomcat-embed-el\10.1.36\tomcat-embed-el-10.1.36.jar;D:\apache-maven-3.9.9\local repository\org\apache\tomcat\embed\tomcat-embed-websocket\10.1.36\tomcat-embed-websocket-10.1.36.jar;D:\apache-maven-3.9.9\local repository\org\springframework\spring-web\6.2.3\spring-web-6.2.3.jar;D:\apache-maven-3.9.9\local repository\io\micrometer\micrometer-observation\1.14.4\micrometer-observation-1.14.4.jar;D:\apache-maven-3.9.9\local repository\io\micrometer\micrometer-commons\1.14.4\micrometer-commons-1.14.4.jar;D:\apache-maven-3.9.9\local repository\org\springframework\spring-webmvc\6.2.3\spring-webmvc-6.2.3.jar;D:\apache-maven-3.9.9\local repository\org\springframework\spring-expression\6.2.3\spring-expression-6.2.3.jar;D:\apache-maven-3.9.9\local repository\com\mysql\mysql-connector-j\8.0.33\mysql-connector-j-8.0.33.jar;D:\apache-maven-3.9.9\local repository\org\projectlombok\lombok\1.18.32\lombok-1.18.32.jar;D:\apache-maven-3.9.9\local repository\org\springframework\boot\spring-boot-starter-test\3.4.3\spring-boot-starter-test-3.4.3.jar;D:\apache-maven-3.9.9\local repository\org\springframework\boot\spring-boot-test\3.4.3\spring-boot-test-3.4.3.jar;D:\apache-maven-3.9.9\local repository\org\springframework\boot\spring-boot-test-autoconfigure\3.4.3\spring-boot-test-autoconfigure-3.4.3.jar;D:\apache-maven-3.9.9\local repository\com\jayway\jsonpath\json-path\2.9.0\json-path-2.9.0.jar;D:\apache-maven-3.9.9\local repository\net\minidev\json-smart\2.5.2\json-smart-2.5.2.jar;D:\apache-maven-3.9.9\local repository\net\minidev\accessors-smart\2.5.2\accessors-smart-2.5.2.jar;D:\apache-maven-3.9.9\local repository\org\ow2\asm\asm\9.7.1\asm-9.7.1.jar;D:\apache-maven-3.9.9\local repository\org\assertj\assertj-core\3.26.3\assertj-core-3.26.3.jar;D:\apache-maven-3.9.9\local repository\org\awaitility\awaitility\4.2.2\awaitility-4.2.2.jar;D:\apache-maven-3.9.9\local repository\org\hamcrest\hamcrest\2.2\hamcrest-2.2.jar;D:\apache-maven-3.9.9\local repository\org\junit\jupiter\junit-jupiter\5.11.4\junit-jupiter-5.11.4.jar;D:\apache-maven-3.9.9\local repository\org\junit\jupiter\junit-jupiter-api\5.11.4\junit-jupiter-api-5.11.4.jar;D:\apache-maven-3.9.9\local repository\org\opentest4j\opentest4j\1.3.0\opentest4j-1.3.0.jar;D:\apache-maven-3.9.9\local repository\org\junit\platform\junit-platform-commons\1.11.4\junit-platform-commons-1.11.4.jar;D:\apache-maven-3.9.9\local repository\org\apiguardian\apiguardian-api\1.1.2\apiguardian-api-1.1.2.jar;D:\apache-maven-3.9.9\local repository\org\junit\jupiter\junit-jupiter-params\5.11.4\junit-jupiter-params-5.11.4.jar;D:\apache-maven-3.9.9\local repository\org\junit\jupiter\junit-jupiter-engine\5.11.4\junit-jupiter-engine-5.11.4.jar;D:\apache-maven-3.9.9\local repository\org\junit\platform\junit-platform-engine\1.11.4\junit-platform-engine-1.11.4.jar;D:\apache-maven-3.9.9\local repository\org\mockito\mockito-core\5.14.2\mockito-core-5.14.2.jar;D:\apache-maven-3.9.9\local repository\net\bytebuddy\byte-buddy-agent\1.15.11\byte-buddy-agent-1.15.11.jar;D:\apache-maven-3.9.9\local repository\org\objenesis\objenesis\3.3\objenesis-3.3.jar;D:\apache-maven-3.9.9\local repository\org\mockito\mockito-junit-jupiter\5.14.2\mockito-junit-jupiter-5.14.2.jar;D:\apache-maven-3.9.9\local repository\org\skyscreamer\jsonassert\1.5.3\jsonassert-1.5.3.jar;D:\apache-maven-3.9.9\local repository\com\vaadin\external\google\android-json\0.0.20131108.vaadin1\android-json-0.0.20131108.vaadin1.jar;D:\apache-maven-3.9.9\local repository\org\springframework\spring-core\6.2.3\spring-core-6.2.3.jar;D:\apache-maven-3.9.9\local repository\org\springframework\spring-jcl\6.2.3\spring-jcl-6.2.3.jar;D:\apache-maven-3.9.9\local repository\org\springframework\spring-test\6.2.3\spring-test-6.2.3.jar;D:\apache-maven-3.9.9\local repository\org\xmlunit\xmlunit-core\2.10.0\xmlunit-core-2.10.0.jar;D:\apache-maven-3.9.9\local repository\org\springframework\boot\spring-boot-starter-security\3.4.3\spring-boot-starter-security-3.4.3.jar;D:\apache-maven-3.9.9\local repository\org\springframework\spring-aop\6.2.3\spring-aop-6.2.3.jar;D:\apache-maven-3.9.9\local repository\org\springframework\security\spring-security-config\6.4.3\spring-security-config-6.4.3.jar;D:\apache-maven-3.9.9\local repository\org\springframework\security\spring-security-core\6.4.3\spring-security-core-6.4.3.jar;D:\apache-maven-3.9.9\local repository\org\springframework\security\spring-security-crypto\6.4.3\spring-security-crypto-6.4.3.jar;D:\apache-maven-3.9.9\local repository\org\springframework\security\spring-security-web\6.4.3\spring-security-web-6.4.3.jar;D:\apache-maven-3.9.9\local repository\io\jsonwebtoken\jjwt-api\0.11.5\jjwt-api-0.11.5.jar;D:\apache-maven-3.9.9\local repository\io\jsonwebtoken\jjwt-impl\0.11.5\jjwt-impl-0.11.5.jar;D:\apache-maven-3.9.9\local repository\io\jsonwebtoken\jjwt-jackson\0.11.5\jjwt-jackson-0.11.5.jar;D:\apache-maven-3.9.9\local repository\jakarta\xml\bind\jakarta.xml.bind-api\4.0.1\jakarta.xml.bind-api-4.0.1.jar;D:\apache-maven-3.9.9\local repository\jakarta\activation\jakarta.activation-api\2.1.3\jakarta.activation-api-2.1.3.jar;D:\apache-maven-3.9.9\local repository\jakarta\persistence\jakarta.persistence-api\3.1.0\jakarta.persistence-api-3.1.0.jar;D:\apache-maven-3.9.9\local repository\com\baomidou\mybatis-plus-spring-boot3-starter\3.5.10.1\mybatis-plus-spring-boot3-starter-3.5.10.1.jar;D:\apache-maven-3.9.9\local repository\com\baomidou\mybatis-plus\3.5.10.1\mybatis-plus-3.5.10.1.jar;D:\apache-maven-3.9.9\local repository\com\baomidou\mybatis-plus-core\3.5.10.1\mybatis-plus-core-3.5.10.1.jar;D:\apache-maven-3.9.9\local repository\com\baomidou\mybatis-plus-annotation\3.5.10.1\mybatis-plus-annotation-3.5.10.1.jar;D:\apache-maven-3.9.9\local repository\com\baomidou\mybatis-plus-spring\3.5.10.1\mybatis-plus-spring-3.5.10.1.jar;D:\apache-maven-3.9.9\local repository\org\mybatis\mybatis\3.5.19\mybatis-3.5.19.jar;D:\apache-maven-3.9.9\local repository\org\mybatis\mybatis-spring\3.0.4\mybatis-spring-3.0.4.jar;D:\apache-maven-3.9.9\local repository\com\baomidou\mybatis-plus-spring-boot-autoconfigure\3.5.10.1\mybatis-plus-spring-boot-autoconfigure-3.5.10.1.jar;D:\apache-maven-3.9.9\local repository\org\springframework\boot\spring-boot-autoconfigure\3.4.3\spring-boot-autoconfigure-3.4.3.jar;D:\apache-maven-3.9.9\local repository\com\baomidou\mybatis-plus-jsqlparser\3.5.10.1\mybatis-plus-jsqlparser-3.5.10.1.jar;D:\apache-maven-3.9.9\local repository\com\github\jsqlparser\jsqlparser\5.1\jsqlparser-5.1.jar;D:\apache-maven-3.9.9\local repository\com\baomidou\mybatis-plus-jsqlparser-common\3.5.10.1\mybatis-plus-jsqlparser-common-3.5.10.1.jar;D:\apache-maven-3.9.9\local repository\com\baomidou\mybatis-plus-extension\3.5.10.1\mybatis-plus-extension-3.5.10.1.jar;D:\apache-maven-3.9.9\local repository\cn\hutool\hutool-all\5.8.26\hutool-all-5.8.26.jar;D:\apache-maven-3.9.9\local repository\com\fasterxml\jackson\core\jackson-databind\2.15.3\jackson-databind-2.15.3.jar;D:\apache-maven-3.9.9\local repository\com\fasterxml\jackson\core\jackson-annotations\2.18.2\jackson-annotations-2.18.2.jar;D:\apache-maven-3.9.9\local repository\com\fasterxml\jackson\core\jackson-core\2.18.2\jackson-core-2.18.2.jar;D:\apache-maven-3.9.9\local repository\com\squareup\okhttp3\okhttp\4.12.0\okhttp-4.12.0.jar;D:\apache-maven-3.9.9\local repository\com\squareup\okio\okio\3.6.0\okio-3.6.0.jar;D:\apache-maven-3.9.9\local repository\com\squareup\okio\okio-jvm\3.6.0\okio-jvm-3.6.0.jar;D:\apache-maven-3.9.9\local repository\org\jetbrains\kotlin\kotlin-stdlib-common\1.9.25\kotlin-stdlib-common-1.9.25.jar;D:\apache-maven-3.9.9\local repository\org\jetbrains\kotlin\kotlin-stdlib-jdk8\1.9.25\kotlin-stdlib-jdk8-1.9.25.jar;D:\apache-maven-3.9.9\local repository\org\jetbrains\kotlin\kotlin-stdlib\1.9.25\kotlin-stdlib-1.9.25.jar;D:\apache-maven-3.9.9\local repository\org\jetbrains\annotations\13.0\annotations-13.0.jar;D:\apache-maven-3.9.9\local repository\org\jetbrains\kotlin\kotlin-stdlib-jdk7\1.9.25\kotlin-stdlib-jdk7-1.9.25.jar;"/>
    <property name="sun.cpu.endian" value="little"/>
    <property name="user.home" value="C:\Users\哈振宇"/>
    <property name="user.language" value="zh"/>
    <property name="java.specification.vendor" value="Oracle Corporation"/>
    <property name="java.version.date" value="2024-01-16"/>
    <property name="java.home" value="C:\Program Files\Java\jdk-21"/>
    <property name="file.separator" value="\"/>
    <property name="basedir" value="C:\Users\哈振宇\Desktop\mgterp - 副本\mogutouERP-springboot"/>
    <property name="java.vm.compressedOopsMode" value="Zero based"/>
    <property name="line.separator" value="&#10;"/>
    <property name="java.vm.specification.vendor" value="Oracle Corporation"/>
    <property name="java.specification.name" value="Java Platform API Specification"/>
    <property name="FILE_LOG_CHARSET" value="UTF-8"/>
    <property name="java.awt.headless" value="true"/>
    <property name="surefire.real.class.path" value="C:\Users\哈振宇\AppData\Local\Temp\surefire6455326321096246647\surefirebooter-20250531005254208_3.jar"/>
    <property name="user.script" value=""/>
    <property name="sun.management.compiler" value="HotSpot 64-Bit Tiered Compilers"/>
    <property name="java.runtime.version" value="21.0.2+13-LTS-58"/>
    <property name="user.name" value="哈振宇"/>
    <property name="stdout.encoding" value="GBK"/>
    <property name="path.separator" value=";"/>
    <property name="os.version" value="10.0"/>
    <property name="java.runtime.name" value="Java(TM) SE Runtime Environment"/>
    <property name="file.encoding" value="UTF-8"/>
    <property name="java.vm.name" value="Java HotSpot(TM) 64-Bit Server VM"/>
    <property name="localRepository" value="D:\apache-maven-3.9.9\local repository"/>
    <property name="java.vendor.url.bug" value="https://bugreport.java.com/bugreport/"/>
    <property name="java.io.tmpdir" value="C:\Users\哈振宇\AppData\Local\Temp\"/>
    <property name="com.zaxxer.hikari.pool_number" value="2"/>
    <property name="java.version" value="21.0.2"/>
    <property name="user.dir" value="C:\Users\哈振宇\Desktop\mgterp - 副本\mogutouERP-springboot"/>
    <property name="os.arch" value="amd64"/>
    <property name="java.vm.specification.name" value="Java Virtual Machine Specification"/>
    <property name="PID" value="42252"/>
    <property name="sun.os.patch.level" value=""/>
    <property name="CONSOLE_LOG_CHARSET" value="UTF-8"/>
    <property name="native.encoding" value="GBK"/>
    <property name="java.library.path" value="C:\Program Files\Java\jdk-21\bin;C:\Windows\Sun\Java\bin;C:\Windows\system32;C:\Windows;D:\anaconda3;D:\anaconda3\Library\mingw-w64\bin;D:\anaconda3\Library\usr\bin;D:\anaconda3\Library\bin;D:\anaconda3\Scripts;D:\anaconda3\bin;D:\anaconda3\condabin;D:\VMware\VMware Workstation\bin;C:\Program Files\Microsoft MPI\Bin;C:\Program Files\Common Files\Oracle\Java\javapath;C:\Program Files (x86)\VMware\VMware Workstation\bin;C:\Windows\system32;C:\Windows;C:\Windows\System32\Wbem;C:\Windows\System32\WindowsPowerShell\v1.0;C:\Windows\System32\OpenSSH;C:\Program Files (x86)\NVIDIA Corporation\PhysX\Common;C:\Program Files\MySQL\MySQL Server 8.0\bin;C:\Program Files\dotnet;C:\Program Files\Git\cmd;C:\Program Files\NVIDIA Corporation\NVIDIA app\NvDLISR;D:\apache-maven-3.9.9\bin;D:\nodejs;D:\anaconda3;D:\anaconda3\Scripts;D:\anaconda3\Library\bin;D:\anaconda3\Library\mingw-w64\bin;C:\Program Files (x86)\Windows Kits\10\Windows Performance Toolkit;C:\Users\哈振宇\AppData\Local\Programs\Python\Python313\Scripts;C:\Users\哈振宇\AppData\Local\Programs\Python\Python313;d:\Trae\bin;C:\Users\哈振宇\AppData\Local\Programs\Python\Launcher;C:\Program Files\MySQL\MySQL Shell 8.0\bin;C:\Users\哈振宇\AppData\Local\Microsoft\WindowsApps;C:\Users\哈振宇\AppData\Local\Programs\Microsoft VS Code\bin;C:\Program Files\Azure Data Studio\bin;C:\Program Files\Azure Data Studio\bin;C:\Program Files\Java\jdk-21\bin;.;C:\Program Files\JetBrains\IntelliJ IDEA 2023.3.6\bin;.;%DevEco Studio%;D:\Ollama;C:\Users\哈振宇\AppData\Roaming\npm;D:\cursor\resources\app\bin;D:\Windsurf\bin;C:\Users\哈振宇\AppData\Roaming\Programs\Zero Install;."/>
    <property name="java.vm.info" value="mixed mode, sharing"/>
    <property name="stderr.encoding" value="GBK"/>
    <property name="java.vendor" value="Oracle Corporation"/>
    <property name="java.vm.version" value="21.0.2+13-LTS-58"/>
    <property name="sun.io.unicode.encoding" value="UnicodeLittle"/>
    <property name="java.class.version" value="65.0"/>
  </properties>
  <testcase name="testStockOut" classname="com.mogutou.erp.controller.InventoryControllerTest" time="0.068">
    <system-out><![CDATA[2025-05-31T00:53:03.102+08:00  INFO 42252 --- [           main] t.c.s.AnnotationConfigContextLoaderUtils : Could not detect default configuration classes for test class [com.mogutou.erp.controller.InventoryControllerTest]: InventoryControllerTest does not declare any static, non-private, non-final, nested classes annotated with @Configuration.
2025-05-31T00:53:03.108+08:00  INFO 42252 --- [           main] .b.t.c.SpringBootTestContextBootstrapper : Found @SpringBootConfiguration com.mogutou.erp.MogutouErpApplication for test class com.mogutou.erp.controller.InventoryControllerTest

  .   ____          _            __ _ _
 /\\ / ___'_ __ _ _(_)_ __  __ _ \ \ \ \
( ( )\___ | '_ | '_| | '_ \/ _` | \ \ \ \
 \\/  ___)| |_)| | | | | || (_| |  ) ) ) )
  '  |____| .__|_| |_|_| |_\__, | / / / /
 =========|_|==============|___/=/_/_/_/

 :: Spring Boot ::                (v3.4.3)

2025-05-31T00:53:03.149+08:00  INFO 42252 --- [           main] c.m.e.c.InventoryControllerTest          : Starting InventoryControllerTest using Java 21.0.2 with PID 42252 (started by 哈振宇 in C:\Users\哈振宇\Desktop\mgterp - 副本\mogutouERP-springboot)
2025-05-31T00:53:03.149+08:00 DEBUG 42252 --- [           main] c.m.e.c.InventoryControllerTest          : Running with Spring Boot v3.4.3, Spring v6.2.3
2025-05-31T00:53:03.149+08:00  INFO 42252 --- [           main] c.m.e.c.InventoryControllerTest          : The following 1 profile is active: "test"
2025-05-31T00:53:03.382+08:00  INFO 42252 --- [           main] .s.d.r.c.RepositoryConfigurationDelegate : Bootstrapping Spring Data JPA repositories in DEFAULT mode.
2025-05-31T00:53:03.404+08:00  INFO 42252 --- [           main] .s.d.r.c.RepositoryConfigurationDelegate : Finished Spring Data repository scanning in 25 ms. Found 7 JPA repository interfaces.
2025-05-31T00:53:03.456+08:00  WARN 42252 --- [           main] o.m.s.mapper.ClassPathMapperScanner      : No MyBatis mapper was found in '[com.mogutou.erp]' package. Please check your configuration.
2025-05-31T00:53:03.657+08:00  INFO 42252 --- [           main] o.hibernate.jpa.internal.util.LogHelper  : HHH000204: Processing PersistenceUnitInfo [name: default]
2025-05-31T00:53:03.663+08:00  INFO 42252 --- [           main] o.h.c.internal.RegionFactoryInitiator    : HHH000026: Second-level cache disabled
2025-05-31T00:53:03.673+08:00  INFO 42252 --- [           main] o.s.o.j.p.SpringPersistenceUnitInfo      : No LoadTimeWeaver setup: ignoring JPA class transformer
2025-05-31T00:53:03.673+08:00  INFO 42252 --- [           main] com.zaxxer.hikari.HikariDataSource       : HikariPool-2 - Starting...
2025-05-31T00:53:03.691+08:00  INFO 42252 --- [           main] com.zaxxer.hikari.pool.HikariPool        : HikariPool-2 - Added connection com.mysql.cj.jdbc.ConnectionImpl@17719abb
2025-05-31T00:53:03.691+08:00  INFO 42252 --- [           main] com.zaxxer.hikari.HikariDataSource       : HikariPool-2 - Start completed.
2025-05-31T00:53:03.694+08:00  INFO 42252 --- [           main] org.hibernate.orm.connections.pooling    : HHH10001005: Database info:
	Database JDBC URL [Connecting through datasource 'HikariDataSource (HikariPool-2)']
	Database driver: undefined/unknown
	Database version: 8.0.35
	Autocommit mode: undefined/unknown
	Isolation level: undefined/unknown
	Minimum pool size: undefined/unknown
	Maximum pool size: undefined/unknown
2025-05-31T00:53:03.876+08:00  INFO 42252 --- [           main] o.h.e.t.j.p.i.JtaPlatformInitiator       : HHH000489: No JTA platform available (set 'hibernate.transaction.jta.platform' to enable JTA platform integration)
Hibernate: alter table staff modify column status VARCHAR(20) DEFAULT '在职'
Hibernate: alter table users modify column role VARCHAR(20) DEFAULT 'user'
2025-05-31T00:53:03.966+08:00  INFO 42252 --- [           main] j.LocalContainerEntityManagerFactoryBean : Initialized JPA EntityManagerFactory for persistence unit 'default'
2025-05-31T00:53:04.081+08:00  WARN 42252 --- [           main] JpaBaseConfiguration$JpaWebConfiguration : spring.jpa.open-in-view is enabled by default. Therefore, database queries may be performed during view rendering. Explicitly configure spring.jpa.open-in-view to disable this warning
2025-05-31T00:53:04.088+08:00  WARN 42252 --- [           main] .s.s.UserDetailsServiceAutoConfiguration : 

Using generated security password: 84a6285f-0db0-4291-b39c-ffb70ec502a8

This generated password is for development use only. Your security configuration must be updated before running your application in production.

2025-05-31T00:53:04.089+08:00  INFO 42252 --- [           main] r$InitializeUserDetailsManagerConfigurer : Global AuthenticationManager configured with UserDetailsService bean with name inMemoryUserDetailsManager
2025-05-31T00:53:04.169+08:00 DEBUG 42252 --- [           main] o.s.s.web.DefaultSecurityFilterChain     : Will secure any request with filters: DisableEncodeUrlFilter, WebAsyncManagerIntegrationFilter, SecurityContextHolderFilter, HeaderWriterFilter, LogoutFilter, RequestCacheAwareFilter, SecurityContextHolderAwareRequestFilter, AnonymousAuthenticationFilter, ExceptionTranslationFilter, AuthorizationFilter
 _ _   |_  _ _|_. ___ _ |    _ 
| | |\/|_)(_| | |_\  |_)||_|_\ 
     /               |         
                        3.5.10.1 
2025-05-31T00:53:04.253+08:00  INFO 42252 --- [           main] c.m.e.c.InventoryControllerTest          : Started InventoryControllerTest in 1.141 seconds (process running for 9.905)
2025-05-31T00:53:04.257+08:00  INFO 42252 --- [           main] o.s.b.t.m.w.SpringBootMockServletContext : Initializing Spring TestDispatcherServlet ''
2025-05-31T00:53:04.257+08:00  INFO 42252 --- [           main] o.s.t.web.servlet.TestDispatcherServlet  : Initializing Servlet ''
2025-05-31T00:53:04.257+08:00  INFO 42252 --- [           main] o.s.t.web.servlet.TestDispatcherServlet  : Completed initialization in 0 ms
🔒 JWT拦截器处理请求: POST /api/inventory/stock-out
🎫 请求头中的Authorization: Bearer valid-token...
🔑 提取的实际token长度: 11
✅ Token验证结果: 有效
👤 从token中解析的用户名: testuser
🔍 数据库中查找用户结果: 找到
👤 用户状态: 活跃
✅ JWT认证成功，允许访问
2025-05-31T00:53:04.319+08:00  INFO 42252 --- [           main] c.m.erp.controller.InventoryController   : 接收到库存出库请求: id=1, quantity=30
2025-05-31T00:53:04.320+08:00  INFO 42252 --- [           main] c.m.erp.controller.InventoryController   : 库存出库成功: id=1, 新数量=70
]]></system-out>
  </testcase>
  <testcase name="testDeleteInventory" classname="com.mogutou.erp.controller.InventoryControllerTest" time="0.005">
    <system-out><![CDATA[2025-05-31T00:53:04.327+08:00  INFO 42252 --- [           main] o.s.b.t.m.w.SpringBootMockServletContext : Initializing Spring TestDispatcherServlet ''
2025-05-31T00:53:04.328+08:00  INFO 42252 --- [           main] o.s.t.web.servlet.TestDispatcherServlet  : Initializing Servlet ''
2025-05-31T00:53:04.329+08:00  INFO 42252 --- [           main] o.s.t.web.servlet.TestDispatcherServlet  : Completed initialization in 1 ms
🔒 JWT拦截器处理请求: DELETE /api/inventory/1
🎫 请求头中的Authorization: Bearer valid-token...
🔑 提取的实际token长度: 11
✅ Token验证结果: 有效
👤 从token中解析的用户名: testuser
🔍 数据库中查找用户结果: 找到
👤 用户状态: 活跃
✅ JWT认证成功，允许访问
2025-05-31T00:53:04.331+08:00  INFO 42252 --- [           main] c.m.erp.controller.InventoryController   : 接收到删除库存请求: id=1
2025-05-31T00:53:04.331+08:00  INFO 42252 --- [           main] c.m.erp.controller.InventoryController   : 库存删除成功: id=1
]]></system-out>
  </testcase>
  <testcase name="testGetInventoryByProductNameNotFound" classname="com.mogutou.erp.controller.InventoryControllerTest" time="0.022">
    <system-out><![CDATA[2025-05-31T00:53:04.331+08:00  INFO 42252 --- [           main] o.s.b.t.m.w.SpringBootMockServletContext : Initializing Spring TestDispatcherServlet ''
2025-05-31T00:53:04.331+08:00  INFO 42252 --- [           main] o.s.t.web.servlet.TestDispatcherServlet  : Initializing Servlet ''
2025-05-31T00:53:04.331+08:00  INFO 42252 --- [           main] o.s.t.web.servlet.TestDispatcherServlet  : Completed initialization in 0 ms
🔒 JWT拦截器处理请求: GET /api/inventory/by-name/%E4%B8%8D%E5%AD%98%E5%9C%A8%E7%9A%84%E5%95%86%E5%93%81
🎫 请求头中的Authorization: Bearer valid-token...
🔑 提取的实际token长度: 11
✅ Token验证结果: 有效
👤 从token中解析的用户名: testuser
🔍 数据库中查找用户结果: 找到
👤 用户状态: 活跃
✅ JWT认证成功，允许访问
2025-05-31T00:53:04.349+08:00  INFO 42252 --- [           main] c.m.erp.controller.InventoryController   : 根据商品名称获取库存详情: 不存在的商品
2025-05-31T00:53:04.349+08:00  INFO 42252 --- [           main] c.m.erp.controller.InventoryController   : 未找到商品库存记录: 不存在的商品
]]></system-out>
  </testcase>
  <testcase name="testGetAllProductNames" classname="com.mogutou.erp.controller.InventoryControllerTest" time="0.021">
    <system-out><![CDATA[2025-05-31T00:53:04.353+08:00  INFO 42252 --- [           main] o.s.b.t.m.w.SpringBootMockServletContext : Initializing Spring TestDispatcherServlet ''
2025-05-31T00:53:04.356+08:00  INFO 42252 --- [           main] o.s.t.web.servlet.TestDispatcherServlet  : Initializing Servlet ''
2025-05-31T00:53:04.357+08:00  INFO 42252 --- [           main] o.s.t.web.servlet.TestDispatcherServlet  : Completed initialization in 1 ms
🔒 JWT拦截器处理请求: GET /api/inventory/product-names
🎫 请求头中的Authorization: Bearer valid-token...
🔑 提取的实际token长度: 11
✅ Token验证结果: 有效
👤 从token中解析的用户名: testuser
🔍 数据库中查找用户结果: 找到
👤 用户状态: 活跃
✅ JWT认证成功，允许访问
2025-05-31T00:53:04.357+08:00  INFO 42252 --- [           main] c.m.erp.controller.InventoryController   : 获取所有商品名称列表
2025-05-31T00:53:04.357+08:00  INFO 42252 --- [           main] c.m.erp.controller.InventoryController   : 获取商品名称列表成功，数量: 3
]]></system-out>
  </testcase>
  <testcase name="testUpdateInventory" classname="com.mogutou.erp.controller.InventoryControllerTest" time="0.017">
    <system-out><![CDATA[2025-05-31T00:53:04.379+08:00  INFO 42252 --- [           main] o.s.b.t.m.w.SpringBootMockServletContext : Initializing Spring TestDispatcherServlet ''
2025-05-31T00:53:04.379+08:00  INFO 42252 --- [           main] o.s.t.web.servlet.TestDispatcherServlet  : Initializing Servlet ''
2025-05-31T00:53:04.379+08:00  INFO 42252 --- [           main] o.s.t.web.servlet.TestDispatcherServlet  : Completed initialization in 0 ms
🔒 JWT拦截器处理请求: PUT /api/inventory/1
🎫 请求头中的Authorization: Bearer valid-token...
🔑 提取的实际token长度: 11
✅ Token验证结果: 有效
👤 从token中解析的用户名: testuser
🔍 数据库中查找用户结果: 找到
👤 用户状态: 活跃
✅ JWT认证成功，允许访问
2025-05-31T00:53:04.386+08:00  INFO 42252 --- [           main] c.m.erp.controller.InventoryController   : 接收到更新库存请求: id=1
2025-05-31T00:53:04.386+08:00  INFO 42252 --- [           main] c.m.erp.controller.InventoryController   : 库存更新成功: id=1
]]></system-out>
  </testcase>
  <testcase name="testGetInventoryListWithDefaultParams" classname="com.mogutou.erp.controller.InventoryControllerTest" time="0.033">
    <system-out><![CDATA[2025-05-31T00:53:04.395+08:00  INFO 42252 --- [           main] o.s.b.t.m.w.SpringBootMockServletContext : Initializing Spring TestDispatcherServlet ''
2025-05-31T00:53:04.395+08:00  INFO 42252 --- [           main] o.s.t.web.servlet.TestDispatcherServlet  : Initializing Servlet ''
2025-05-31T00:53:04.395+08:00  INFO 42252 --- [           main] o.s.t.web.servlet.TestDispatcherServlet  : Completed initialization in 0 ms
🔒 JWT拦截器处理请求: GET /api/inventory/list
🎫 请求头中的Authorization: Bearer valid-token...
🔑 提取的实际token长度: 11
✅ Token验证结果: 有效
👤 从token中解析的用户名: testuser
🔍 数据库中查找用户结果: 找到
👤 用户状态: 活跃
✅ JWT认证成功，允许访问
2025-05-31T00:53:04.408+08:00  INFO 42252 --- [           main] c.m.erp.controller.InventoryController   : 接收到获取库存列表请求: page=0, size=10
2025-05-31T00:53:04.408+08:00  INFO 42252 --- [           main] c.m.erp.controller.InventoryController   : 成功返回库存列表，数量: 2
2025-05-31T00:53:04.412+08:00  WARN 42252 --- [           main] ration$PageModule$WarningLoggingModifier : Serializing PageImpl instances as-is is not supported, meaning that there is no guarantee about the stability of the resulting JSON structure!
	For a stable JSON structure, please use Spring Data's PagedModel (globally via @EnableSpringDataWebSupport(pageSerializationMode = VIA_DTO))
	or Spring HATEOAS and Spring Data's PagedResourcesAssembler as documented in https://docs.spring.io/spring-data/commons/reference/repositories/core-extensions.html#core.web.pageables.

]]></system-out>
  </testcase>
  <testcase name="testHandleServiceException" classname="com.mogutou.erp.controller.InventoryControllerTest" time="0.022">
    <system-out><![CDATA[2025-05-31T00:53:04.424+08:00  INFO 42252 --- [           main] o.s.b.t.m.w.SpringBootMockServletContext : Initializing Spring TestDispatcherServlet ''
2025-05-31T00:53:04.424+08:00  INFO 42252 --- [           main] o.s.t.web.servlet.TestDispatcherServlet  : Initializing Servlet ''
2025-05-31T00:53:04.424+08:00  INFO 42252 --- [           main] o.s.t.web.servlet.TestDispatcherServlet  : Completed initialization in 0 ms
🔒 JWT拦截器处理请求: GET /api/inventory/list
🎫 请求头中的Authorization: Bearer valid-token...
🔑 提取的实际token长度: 11
✅ Token验证结果: 有效
👤 从token中解析的用户名: testuser
🔍 数据库中查找用户结果: 找到
👤 用户状态: 活跃
✅ JWT认证成功，允许访问
2025-05-31T00:53:04.432+08:00  INFO 42252 --- [           main] c.m.erp.controller.InventoryController   : 接收到获取库存列表请求: page=0, size=10
2025-05-31T00:53:04.432+08:00 ERROR 42252 --- [           main] c.m.erp.controller.InventoryController   : 获取库存列表失败(RuntimeException): 数据库连接失败

java.lang.RuntimeException: 数据库连接失败
	at com.mogutou.erp.controller.InventoryController.getInventoryList(InventoryController.java:37) ~[classes/:na]
	at java.base/jdk.internal.reflect.DirectMethodHandleAccessor.invoke(DirectMethodHandleAccessor.java:103) ~[na:na]
	at java.base/java.lang.reflect.Method.invoke(Method.java:580) ~[na:na]
	at org.springframework.web.method.support.InvocableHandlerMethod.doInvoke(InvocableHandlerMethod.java:257) ~[spring-web-6.2.3.jar:6.2.3]
	at org.springframework.web.method.support.InvocableHandlerMethod.invokeForRequest(InvocableHandlerMethod.java:190) ~[spring-web-6.2.3.jar:6.2.3]
	at org.springframework.web.servlet.mvc.method.annotation.ServletInvocableHandlerMethod.invokeAndHandle(ServletInvocableHandlerMethod.java:118) ~[spring-webmvc-6.2.3.jar:6.2.3]
	at org.springframework.web.servlet.mvc.method.annotation.RequestMappingHandlerAdapter.invokeHandlerMethod(RequestMappingHandlerAdapter.java:986) ~[spring-webmvc-6.2.3.jar:6.2.3]
	at org.springframework.web.servlet.mvc.method.annotation.RequestMappingHandlerAdapter.handleInternal(RequestMappingHandlerAdapter.java:891) ~[spring-webmvc-6.2.3.jar:6.2.3]
	at org.springframework.web.servlet.mvc.method.AbstractHandlerMethodAdapter.handle(AbstractHandlerMethodAdapter.java:87) ~[spring-webmvc-6.2.3.jar:6.2.3]
	at org.springframework.web.servlet.DispatcherServlet.doDispatch(DispatcherServlet.java:1088) ~[spring-webmvc-6.2.3.jar:6.2.3]
	at org.springframework.web.servlet.DispatcherServlet.doService(DispatcherServlet.java:978) ~[spring-webmvc-6.2.3.jar:6.2.3]
	at org.springframework.web.servlet.FrameworkServlet.processRequest(FrameworkServlet.java:1014) ~[spring-webmvc-6.2.3.jar:6.2.3]
	at org.springframework.web.servlet.FrameworkServlet.doGet(FrameworkServlet.java:903) ~[spring-webmvc-6.2.3.jar:6.2.3]
	at jakarta.servlet.http.HttpServlet.service(HttpServlet.java:564) ~[tomcat-embed-core-10.1.36.jar:6.0]
	at org.springframework.web.servlet.FrameworkServlet.service(FrameworkServlet.java:885) ~[spring-webmvc-6.2.3.jar:6.2.3]
	at org.springframework.test.web.servlet.TestDispatcherServlet.service(TestDispatcherServlet.java:72) ~[spring-test-6.2.3.jar:6.2.3]
	at jakarta.servlet.http.HttpServlet.service(HttpServlet.java:658) ~[tomcat-embed-core-10.1.36.jar:6.0]
	at org.springframework.mock.web.MockFilterChain$ServletFilterProxy.doFilter(MockFilterChain.java:165) ~[spring-test-6.2.3.jar:6.2.3]
	at org.springframework.mock.web.MockFilterChain.doFilter(MockFilterChain.java:132) ~[spring-test-6.2.3.jar:6.2.3]
	at org.springframework.test.web.servlet.MockMvc.perform(MockMvc.java:201) ~[spring-test-6.2.3.jar:6.2.3]
	at com.mogutou.erp.controller.InventoryControllerTest.testHandleServiceException(InventoryControllerTest.java:432) ~[test-classes/:na]
	at java.base/jdk.internal.reflect.DirectMethodHandleAccessor.invoke(DirectMethodHandleAccessor.java:103) ~[na:na]
	at java.base/java.lang.reflect.Method.invoke(Method.java:580) ~[na:na]
	at org.junit.platform.commons.util.ReflectionUtils.invokeMethod(ReflectionUtils.java:767) ~[junit-platform-commons-1.11.4.jar:1.11.4]
	at org.junit.jupiter.engine.execution.MethodInvocation.proceed(MethodInvocation.java:60) ~[junit-jupiter-engine-5.11.4.jar:5.11.4]
	at org.junit.jupiter.engine.execution.InvocationInterceptorChain$ValidatingInvocation.proceed(InvocationInterceptorChain.java:131) ~[junit-jupiter-engine-5.11.4.jar:5.11.4]
	at org.junit.jupiter.engine.extension.TimeoutExtension.intercept(TimeoutExtension.java:156) ~[junit-jupiter-engine-5.11.4.jar:5.11.4]
	at org.junit.jupiter.engine.extension.TimeoutExtension.interceptTestableMethod(TimeoutExtension.java:147) ~[junit-jupiter-engine-5.11.4.jar:5.11.4]
	at org.junit.jupiter.engine.extension.TimeoutExtension.interceptTestMethod(TimeoutExtension.java:86) ~[junit-jupiter-engine-5.11.4.jar:5.11.4]
	at org.junit.jupiter.engine.execution.InterceptingExecutableInvoker$ReflectiveInterceptorCall.lambda$ofVoidMethod$0(InterceptingExecutableInvoker.java:103) ~[junit-jupiter-engine-5.11.4.jar:5.11.4]
	at org.junit.jupiter.engine.execution.InterceptingExecutableInvoker.lambda$invoke$0(InterceptingExecutableInvoker.java:93) ~[junit-jupiter-engine-5.11.4.jar:5.11.4]
	at org.junit.jupiter.engine.execution.InvocationInterceptorChain$InterceptedInvocation.proceed(InvocationInterceptorChain.java:106) ~[junit-jupiter-engine-5.11.4.jar:5.11.4]
	at org.junit.jupiter.engine.execution.InvocationInterceptorChain.proceed(InvocationInterceptorChain.java:64) ~[junit-jupiter-engine-5.11.4.jar:5.11.4]
	at org.junit.jupiter.engine.execution.InvocationInterceptorChain.chainAndInvoke(InvocationInterceptorChain.java:45) ~[junit-jupiter-engine-5.11.4.jar:5.11.4]
	at org.junit.jupiter.engine.execution.InvocationInterceptorChain.invoke(InvocationInterceptorChain.java:37) ~[junit-jupiter-engine-5.11.4.jar:5.11.4]
	at org.junit.jupiter.engine.execution.InterceptingExecutableInvoker.invoke(InterceptingExecutableInvoker.java:92) ~[junit-jupiter-engine-5.11.4.jar:5.11.4]
	at org.junit.jupiter.engine.execution.InterceptingExecutableInvoker.invoke(InterceptingExecutableInvoker.java:86) ~[junit-jupiter-engine-5.11.4.jar:5.11.4]
	at org.junit.jupiter.engine.descriptor.TestMethodTestDescriptor.lambda$invokeTestMethod$8(TestMethodTestDescriptor.java:217) ~[junit-jupiter-engine-5.11.4.jar:5.11.4]
	at org.junit.platform.engine.support.hierarchical.ThrowableCollector.execute(ThrowableCollector.java:73) ~[junit-platform-engine-1.11.4.jar:1.11.4]
	at org.junit.jupiter.engine.descriptor.TestMethodTestDescriptor.invokeTestMethod(TestMethodTestDescriptor.java:213) ~[junit-jupiter-engine-5.11.4.jar:5.11.4]
	at org.junit.jupiter.engine.descriptor.TestMethodTestDescriptor.execute(TestMethodTestDescriptor.java:138) ~[junit-jupiter-engine-5.11.4.jar:5.11.4]
	at org.junit.jupiter.engine.descriptor.TestMethodTestDescriptor.execute(TestMethodTestDescriptor.java:68) ~[junit-jupiter-engine-5.11.4.jar:5.11.4]
	at org.junit.platform.engine.support.hierarchical.NodeTestTask.lambda$executeRecursively$6(NodeTestTask.java:156) ~[junit-platform-engine-1.11.4.jar:1.11.4]
	at org.junit.platform.engine.support.hierarchical.ThrowableCollector.execute(ThrowableCollector.java:73) ~[junit-platform-engine-1.11.4.jar:1.11.4]
	at org.junit.platform.engine.support.hierarchical.NodeTestTask.lambda$executeRecursively$8(NodeTestTask.java:146) ~[junit-platform-engine-1.11.4.jar:1.11.4]
	at org.junit.platform.engine.support.hierarchical.Node.around(Node.java:137) ~[junit-platform-engine-1.11.4.jar:1.11.4]
	at org.junit.platform.engine.support.hierarchical.NodeTestTask.lambda$executeRecursively$9(NodeTestTask.java:144) ~[junit-platform-engine-1.11.4.jar:1.11.4]
	at org.junit.platform.engine.support.hierarchical.ThrowableCollector.execute(ThrowableCollector.java:73) ~[junit-platform-engine-1.11.4.jar:1.11.4]
	at org.junit.platform.engine.support.hierarchical.NodeTestTask.executeRecursively(NodeTestTask.java:143) ~[junit-platform-engine-1.11.4.jar:1.11.4]
	at org.junit.platform.engine.support.hierarchical.NodeTestTask.execute(NodeTestTask.java:100) ~[junit-platform-engine-1.11.4.jar:1.11.4]
	at java.base/java.util.ArrayList.forEach(ArrayList.java:1596) ~[na:na]
	at org.junit.platform.engine.support.hierarchical.SameThreadHierarchicalTestExecutorService.invokeAll(SameThreadHierarchicalTestExecutorService.java:41) ~[junit-platform-engine-1.11.4.jar:1.11.4]
	at org.junit.platform.engine.support.hierarchical.NodeTestTask.lambda$executeRecursively$6(NodeTestTask.java:160) ~[junit-platform-engine-1.11.4.jar:1.11.4]
	at org.junit.platform.engine.support.hierarchical.ThrowableCollector.execute(ThrowableCollector.java:73) ~[junit-platform-engine-1.11.4.jar:1.11.4]
	at org.junit.platform.engine.support.hierarchical.NodeTestTask.lambda$executeRecursively$8(NodeTestTask.java:146) ~[junit-platform-engine-1.11.4.jar:1.11.4]
	at org.junit.platform.engine.support.hierarchical.Node.around(Node.java:137) ~[junit-platform-engine-1.11.4.jar:1.11.4]
	at org.junit.platform.engine.support.hierarchical.NodeTestTask.lambda$executeRecursively$9(NodeTestTask.java:144) ~[junit-platform-engine-1.11.4.jar:1.11.4]
	at org.junit.platform.engine.support.hierarchical.ThrowableCollector.execute(ThrowableCollector.java:73) ~[junit-platform-engine-1.11.4.jar:1.11.4]
	at org.junit.platform.engine.support.hierarchical.NodeTestTask.executeRecursively(NodeTestTask.java:143) ~[junit-platform-engine-1.11.4.jar:1.11.4]
	at org.junit.platform.engine.support.hierarchical.NodeTestTask.execute(NodeTestTask.java:100) ~[junit-platform-engine-1.11.4.jar:1.11.4]
	at java.base/java.util.ArrayList.forEach(ArrayList.java:1596) ~[na:na]
	at org.junit.platform.engine.support.hierarchical.SameThreadHierarchicalTestExecutorService.invokeAll(SameThreadHierarchicalTestExecutorService.java:41) ~[junit-platform-engine-1.11.4.jar:1.11.4]
	at org.junit.platform.engine.support.hierarchical.NodeTestTask.lambda$executeRecursively$6(NodeTestTask.java:160) ~[junit-platform-engine-1.11.4.jar:1.11.4]
	at org.junit.platform.engine.support.hierarchical.ThrowableCollector.execute(ThrowableCollector.java:73) ~[junit-platform-engine-1.11.4.jar:1.11.4]
	at org.junit.platform.engine.support.hierarchical.NodeTestTask.lambda$executeRecursively$8(NodeTestTask.java:146) ~[junit-platform-engine-1.11.4.jar:1.11.4]
	at org.junit.platform.engine.support.hierarchical.Node.around(Node.java:137) ~[junit-platform-engine-1.11.4.jar:1.11.4]
	at org.junit.platform.engine.support.hierarchical.NodeTestTask.lambda$executeRecursively$9(NodeTestTask.java:144) ~[junit-platform-engine-1.11.4.jar:1.11.4]
	at org.junit.platform.engine.support.hierarchical.ThrowableCollector.execute(ThrowableCollector.java:73) ~[junit-platform-engine-1.11.4.jar:1.11.4]
	at org.junit.platform.engine.support.hierarchical.NodeTestTask.executeRecursively(NodeTestTask.java:143) ~[junit-platform-engine-1.11.4.jar:1.11.4]
	at org.junit.platform.engine.support.hierarchical.NodeTestTask.execute(NodeTestTask.java:100) ~[junit-platform-engine-1.11.4.jar:1.11.4]
	at org.junit.platform.engine.support.hierarchical.SameThreadHierarchicalTestExecutorService.submit(SameThreadHierarchicalTestExecutorService.java:35) ~[junit-platform-engine-1.11.4.jar:1.11.4]
	at org.junit.platform.engine.support.hierarchical.HierarchicalTestExecutor.execute(HierarchicalTestExecutor.java:57) ~[junit-platform-engine-1.11.4.jar:1.11.4]
	at org.junit.platform.engine.support.hierarchical.HierarchicalTestEngine.execute(HierarchicalTestEngine.java:54) ~[junit-platform-engine-1.11.4.jar:1.11.4]
	at org.junit.platform.launcher.core.EngineExecutionOrchestrator.execute(EngineExecutionOrchestrator.java:198) ~[junit-platform-launcher-1.11.4.jar:1.11.4]
	at org.junit.platform.launcher.core.EngineExecutionOrchestrator.execute(EngineExecutionOrchestrator.java:169) ~[junit-platform-launcher-1.11.4.jar:1.11.4]
	at org.junit.platform.launcher.core.EngineExecutionOrchestrator.execute(EngineExecutionOrchestrator.java:93) ~[junit-platform-launcher-1.11.4.jar:1.11.4]
	at org.junit.platform.launcher.core.EngineExecutionOrchestrator.lambda$execute$0(EngineExecutionOrchestrator.java:58) ~[junit-platform-launcher-1.11.4.jar:1.11.4]
	at org.junit.platform.launcher.core.EngineExecutionOrchestrator.withInterceptedStreams(EngineExecutionOrchestrator.java:141) ~[junit-platform-launcher-1.11.4.jar:1.11.4]
	at org.junit.platform.launcher.core.EngineExecutionOrchestrator.execute(EngineExecutionOrchestrator.java:57) ~[junit-platform-launcher-1.11.4.jar:1.11.4]
	at org.junit.platform.launcher.core.DefaultLauncher.execute(DefaultLauncher.java:103) ~[junit-platform-launcher-1.11.4.jar:1.11.4]
	at org.junit.platform.launcher.core.DefaultLauncher.execute(DefaultLauncher.java:85) ~[junit-platform-launcher-1.11.4.jar:1.11.4]
	at org.junit.platform.launcher.core.DelegatingLauncher.execute(DelegatingLauncher.java:47) ~[junit-platform-launcher-1.11.4.jar:1.11.4]
	at org.apache.maven.surefire.junitplatform.LazyLauncher.execute(LazyLauncher.java:56) ~[surefire-junit-platform-3.5.2.jar:3.5.2]
	at org.apache.maven.surefire.junitplatform.JUnitPlatformProvider.execute(JUnitPlatformProvider.java:184) ~[surefire-junit-platform-3.5.2.jar:3.5.2]
	at org.apache.maven.surefire.junitplatform.JUnitPlatformProvider.invokeAllTests(JUnitPlatformProvider.java:148) ~[surefire-junit-platform-3.5.2.jar:3.5.2]
	at org.apache.maven.surefire.junitplatform.JUnitPlatformProvider.invoke(JUnitPlatformProvider.java:122) ~[surefire-junit-platform-3.5.2.jar:3.5.2]
	at org.apache.maven.surefire.booter.ForkedBooter.runSuitesInProcess(ForkedBooter.java:385) ~[surefire-booter-3.5.2.jar:3.5.2]
	at org.apache.maven.surefire.booter.ForkedBooter.execute(ForkedBooter.java:162) ~[surefire-booter-3.5.2.jar:3.5.2]
	at org.apache.maven.surefire.booter.ForkedBooter.run(ForkedBooter.java:507) ~[surefire-booter-3.5.2.jar:3.5.2]
	at org.apache.maven.surefire.booter.ForkedBooter.main(ForkedBooter.java:495) ~[surefire-booter-3.5.2.jar:3.5.2]

]]></system-out>
  </testcase>
  <testcase name="testGetInventoryById" classname="com.mogutou.erp.controller.InventoryControllerTest" time="0.006">
    <system-out><![CDATA[2025-05-31T00:53:04.449+08:00  INFO 42252 --- [           main] o.s.b.t.m.w.SpringBootMockServletContext : Initializing Spring TestDispatcherServlet ''
2025-05-31T00:53:04.449+08:00  INFO 42252 --- [           main] o.s.t.web.servlet.TestDispatcherServlet  : Initializing Servlet ''
2025-05-31T00:53:04.450+08:00  INFO 42252 --- [           main] o.s.t.web.servlet.TestDispatcherServlet  : Completed initialization in 1 ms
🔒 JWT拦截器处理请求: GET /api/inventory/1
🎫 请求头中的Authorization: Bearer valid-token...
🔑 提取的实际token长度: 11
✅ Token验证结果: 有效
👤 从token中解析的用户名: testuser
🔍 数据库中查找用户结果: 找到
👤 用户状态: 活跃
✅ JWT认证成功，允许访问
2025-05-31T00:53:04.453+08:00  INFO 42252 --- [           main] c.m.erp.controller.InventoryController   : 接收到获取库存详情请求: id=1
]]></system-out>
  </testcase>
  <testcase name="testGetInventoryList" classname="com.mogutou.erp.controller.InventoryControllerTest" time="0.008">
    <system-out><![CDATA[2025-05-31T00:53:04.457+08:00  INFO 42252 --- [           main] o.s.b.t.m.w.SpringBootMockServletContext : Initializing Spring TestDispatcherServlet ''
2025-05-31T00:53:04.457+08:00  INFO 42252 --- [           main] o.s.t.web.servlet.TestDispatcherServlet  : Initializing Servlet ''
2025-05-31T00:53:04.457+08:00  INFO 42252 --- [           main] o.s.t.web.servlet.TestDispatcherServlet  : Completed initialization in 0 ms
🔒 JWT拦截器处理请求: GET /api/inventory/list
🎫 请求头中的Authorization: Bearer valid-token...
🔑 提取的实际token长度: 11
✅ Token验证结果: 有效
👤 从token中解析的用户名: testuser
🔍 数据库中查找用户结果: 找到
👤 用户状态: 活跃
✅ JWT认证成功，允许访问
2025-05-31T00:53:04.462+08:00  INFO 42252 --- [           main] c.m.erp.controller.InventoryController   : 接收到获取库存列表请求: page=0, size=10
2025-05-31T00:53:04.463+08:00  INFO 42252 --- [           main] c.m.erp.controller.InventoryController   : 成功返回库存列表，数量: 2
]]></system-out>
  </testcase>
  <testcase name="testCreateInventory" classname="com.mogutou.erp.controller.InventoryControllerTest" time="0.009">
    <system-out><![CDATA[2025-05-31T00:53:04.465+08:00  INFO 42252 --- [           main] o.s.b.t.m.w.SpringBootMockServletContext : Initializing Spring TestDispatcherServlet ''
2025-05-31T00:53:04.465+08:00  INFO 42252 --- [           main] o.s.t.web.servlet.TestDispatcherServlet  : Initializing Servlet ''
2025-05-31T00:53:04.469+08:00  INFO 42252 --- [           main] o.s.t.web.servlet.TestDispatcherServlet  : Completed initialization in 4 ms
🔒 JWT拦截器处理请求: POST /api/inventory
🎫 请求头中的Authorization: Bearer valid-token...
🔑 提取的实际token长度: 11
✅ Token验证结果: 有效
👤 从token中解析的用户名: testuser
🔍 数据库中查找用户结果: 找到
👤 用户状态: 活跃
✅ JWT认证成功，允许访问
2025-05-31T00:53:04.470+08:00  INFO 42252 --- [           main] c.m.erp.controller.InventoryController   : 接收到创建库存请求: 新商品
2025-05-31T00:53:04.470+08:00  INFO 42252 --- [           main] c.m.erp.controller.InventoryController   : 库存创建成功: id=3
]]></system-out>
  </testcase>
  <testcase name="testGetInventoryByProductName" classname="com.mogutou.erp.controller.InventoryControllerTest" time="0.008">
    <system-out><![CDATA[2025-05-31T00:53:04.478+08:00  INFO 42252 --- [           main] o.s.b.t.m.w.SpringBootMockServletContext : Initializing Spring TestDispatcherServlet ''
2025-05-31T00:53:04.478+08:00  INFO 42252 --- [           main] o.s.t.web.servlet.TestDispatcherServlet  : Initializing Servlet ''
2025-05-31T00:53:04.478+08:00  INFO 42252 --- [           main] o.s.t.web.servlet.TestDispatcherServlet  : Completed initialization in 0 ms
🔒 JWT拦截器处理请求: GET /api/inventory/by-name/%E6%B5%8B%E8%AF%95%E5%95%86%E5%93%81
🎫 请求头中的Authorization: Bearer valid-token...
🔑 提取的实际token长度: 11
✅ Token验证结果: 有效
👤 从token中解析的用户名: testuser
🔍 数据库中查找用户结果: 找到
👤 用户状态: 活跃
✅ JWT认证成功，允许访问
2025-05-31T00:53:04.483+08:00  INFO 42252 --- [           main] c.m.erp.controller.InventoryController   : 根据商品名称获取库存详情: 测试商品
2025-05-31T00:53:04.483+08:00  INFO 42252 --- [           main] c.m.erp.controller.InventoryController   : 找到库存记录: 商品=测试商品, 价格=10.5, 数量=100
]]></system-out>
  </testcase>
  <testcase name="testStockIn" classname="com.mogutou.erp.controller.InventoryControllerTest" time="0.009">
    <system-out><![CDATA[2025-05-31T00:53:04.486+08:00  INFO 42252 --- [           main] o.s.b.t.m.w.SpringBootMockServletContext : Initializing Spring TestDispatcherServlet ''
2025-05-31T00:53:04.486+08:00  INFO 42252 --- [           main] o.s.t.web.servlet.TestDispatcherServlet  : Initializing Servlet ''
2025-05-31T00:53:04.486+08:00  INFO 42252 --- [           main] o.s.t.web.servlet.TestDispatcherServlet  : Completed initialization in 0 ms
🔒 JWT拦截器处理请求: POST /api/inventory/stock-in
🎫 请求头中的Authorization: Bearer valid-token...
🔑 提取的实际token长度: 11
✅ Token验证结果: 有效
👤 从token中解析的用户名: testuser
🔍 数据库中查找用户结果: 找到
👤 用户状态: 活跃
✅ JWT认证成功，允许访问
2025-05-31T00:53:04.493+08:00  INFO 42252 --- [           main] c.m.erp.controller.InventoryController   : 接收到库存入库请求: id=1, quantity=50
2025-05-31T00:53:04.493+08:00  INFO 42252 --- [           main] c.m.erp.controller.InventoryController   : 库存入库成功: id=1, 新数量=150
]]></system-out>
  </testcase>
</testsuite>